2023-03-17 09:08:29,477 [INFO] Activator:177 - 


2023-03-17 09:08:29,492 [INFO] Activator:178 - !SESSION log4j initialized
2023-03-17 09:10:19,280 [INFO] McuFinderGlobals:44 - Set McuFinder mode to 2 (CubeIDE integrated)
2023-03-17 09:10:23,133 [INFO] ApplicationProperties:181 - Using Application install path: C:\ST\STM32CubeIDE_1.10.1\STM32CubeIDE\plugins\com.st.stm32cube.common.mx_6.6.1.202207061420
2023-03-17 09:10:23,367 [INFO] DbMcusXml:77 - Set database path to: C:\ST\STM32CubeIDE_1.10.1\STM32CubeIDE\plugins\com.st.stm32cube.common.mx_6.6.1.202207061420\\db\/mcu/
2023-03-17 09:10:23,367 [INFO] ApiDb:269 - Set plugin database path to: C:\ST\STM32CubeIDE_1.10.1\STM32CubeIDE\plugins\com.st.stm32cube.common.mx_6.6.1.202207061420\\db\/plugins/boardmanager/
2023-03-17 09:10:23,383 [WARN] ApiDb:254 - Overriding images path with different value:  => C:\ST\STM32CubeIDE_1.10.1\STM32CubeIDE\plugins\com.st.stm32cube.common.mx_6.6.1.202207061420\\db\/plugins/mcufinder/images/
2023-03-17 09:10:23,555 [INFO] ApiDb:249 - Set database path to: C:\Users\salil madhav\.stmcufinder\plugins\mcufinder//mcu/
2023-03-17 09:10:23,555 [INFO] DbMcusAds:124 - Set database path to: C:\Users\salil madhav\.stmcufinder\plugins\mcufinder//mcu/
2023-03-17 09:10:23,851 [INFO] CrossReferenceDbSqlite:201 - Set database path to: C:\Users\salil madhav\.stmcufinder\plugins\mcufinder//mcu/cs/
2023-03-17 09:10:24,320 [INFO] RulesReader:61 - Compatibility file has been processed (282 Rules)
2023-03-17 09:10:25,820 [INFO] DbMcusXml:77 - Set database path to: C:\ST\STM32CubeIDE_1.10.1\STM32CubeIDE\plugins\com.st.stm32cube.common.mx_6.6.1.202207061420\\db\/mcu/
2023-03-17 09:10:25,820 [INFO] ApiDb:269 - Set plugin database path to: C:\ST\STM32CubeIDE_1.10.1\STM32CubeIDE\plugins\com.st.stm32cube.common.mx_6.6.1.202207061420\\db\/plugins/boardmanager/
2023-03-17 09:10:25,820 [INFO] ApiDb:256 - Set plugin images path to: C:\ST\STM32CubeIDE_1.10.1\STM32CubeIDE\plugins\com.st.stm32cube.common.mx_6.6.1.202207061420\\db\/plugins/mcufinder/images/
2023-03-17 09:10:25,836 [WARN] DbFile:40 - Overriding database path with different value: C:\Users\salil madhav\.stmcufinder\plugins\mcufinder/ => C:\Users\salil madhav\.stmcufinder\plugins\mcufinder
2023-03-17 09:10:25,836 [INFO] ApiDb:249 - Set database path to: C:\Users\salil madhav\.stmcufinder\plugins\mcufinder//mcu/
2023-03-17 09:10:25,836 [WARN] DbFile:40 - Overriding database path with different value: C:\Users\salil madhav\.stmcufinder\plugins\mcufinder/ => C:\Users\salil madhav\.stmcufinder\plugins\mcufinder
2023-03-17 09:10:25,836 [INFO] DbMcusAds:124 - Set database path to: C:\Users\salil madhav\.stmcufinder\plugins\mcufinder//mcu/
2023-03-17 09:10:25,836 [WARN] DbFile:40 - Overriding database path with different value: C:\Users\salil madhav\.stmcufinder\plugins\mcufinder/ => C:\Users\salil madhav\.stmcufinder\plugins\mcufinder
2023-03-17 09:10:25,836 [WARN] DbFile:40 - Overriding database path with different value: C:\Users\salil madhav\.stmcufinder\plugins\mcufinder/ => C:\Users\salil madhav\.stmcufinder\plugins\mcufinder
2023-03-17 09:10:25,836 [INFO] CrossReferenceDbSqlite:201 - Set database path to: C:\Users\salil madhav\.stmcufinder\plugins\mcufinder//mcu/cs/
2023-03-17 09:10:28,090 [INFO] MainPanel:242 - HeapMemory: 268435456
2023-03-17 09:10:33,754 [INFO] DbMcusXml:77 - Set database path to: C:\ST\STM32CubeIDE_1.10.1\STM32CubeIDE\plugins\com.st.stm32cube.common.mx_6.6.1.202207061420\\db\/mcu/
2023-03-17 09:10:33,754 [INFO] ApiDb:269 - Set plugin database path to: C:\ST\STM32CubeIDE_1.10.1\STM32CubeIDE\plugins\com.st.stm32cube.common.mx_6.6.1.202207061420\\db\/plugins/boardmanager/
2023-03-17 09:10:33,754 [INFO] ApiDb:256 - Set plugin images path to: C:\ST\STM32CubeIDE_1.10.1\STM32CubeIDE\plugins\com.st.stm32cube.common.mx_6.6.1.202207061420\\db\/plugins/mcufinder/images/
2023-03-17 09:10:33,754 [WARN] DbFile:40 - Overriding database path with different value: C:\Users\salil madhav\.stmcufinder\plugins\mcufinder/ => C:\Users\salil madhav\.stmcufinder\plugins\mcufinder
2023-03-17 09:10:33,754 [INFO] ApiDb:249 - Set database path to: C:\Users\salil madhav\.stmcufinder\plugins\mcufinder//mcu/
2023-03-17 09:10:33,754 [WARN] DbFile:40 - Overriding database path with different value: C:\Users\salil madhav\.stmcufinder\plugins\mcufinder/ => C:\Users\salil madhav\.stmcufinder\plugins\mcufinder
2023-03-17 09:10:33,754 [INFO] DbMcusAds:124 - Set database path to: C:\Users\salil madhav\.stmcufinder\plugins\mcufinder//mcu/
2023-03-17 09:10:33,754 [WARN] DbFile:40 - Overriding database path with different value: C:\Users\salil madhav\.stmcufinder\plugins\mcufinder/ => C:\Users\salil madhav\.stmcufinder\plugins\mcufinder
2023-03-17 09:10:33,754 [WARN] DbFile:40 - Overriding database path with different value: C:\Users\salil madhav\.stmcufinder\plugins\mcufinder/ => C:\Users\salil madhav\.stmcufinder\plugins\mcufinder
2023-03-17 09:10:33,754 [INFO] CrossReferenceDbSqlite:201 - Set database path to: C:\Users\salil madhav\.stmcufinder\plugins\mcufinder//mcu/cs/
2023-03-17 09:10:35,200 [INFO] ApplicationProperties:181 - Using Application install path: C:\ST\STM32CubeIDE_1.10.1\STM32CubeIDE\plugins\com.st.stm32cube.common.mx_6.6.1.202207061420
2023-03-17 09:10:35,200 [INFO] PluginManage:193 - Search for loadable plugins [exclusion list=, ]
2023-03-17 09:10:35,247 [INFO] PluginManage:307 - Check plugin analytics
2023-03-17 09:10:35,434 [ERROR] LogOutputStream:74 - [STDERR_REDIRECT] SLF4J: Failed to load class "org.slf4j.impl.StaticLoggerBinder".
2023-03-17 09:10:35,434 [ERROR] LogOutputStream:74 - [STDERR_REDIRECT] SLF4J: Defaulting to no-operation (NOP) logger implementation
2023-03-17 09:10:35,450 [ERROR] LogOutputStream:74 - [STDERR_REDIRECT] SLF4J: See http://www.slf4j.org/codes.html#StaticLoggerBinder for further details.
2023-03-17 09:10:35,841 [INFO] AnalyticsPlugin:262 - Accepted Software Licenses: 
2023-03-17 09:10:35,841 [INFO] AnalyticsPlugin:264 - Accepted CMSIS Pack Licenses: 
2023-03-17 09:10:35,841 [INFO] AnalyticsPlugin:266 - Accepted Firmware Licenses: FW.F4.1.27.0
2023-03-17 09:10:35,872 [INFO] PluginManage:356 - Loaded plugin analytics (category:tool,tabindex:-1)
2023-03-17 09:10:35,872 [INFO] PluginManage:307 - Check plugin cadmodel
2023-03-17 09:10:35,888 [INFO] CADModel:65 - Init CAD model plugin
2023-03-17 09:10:35,888 [INFO] PluginManage:356 - Loaded plugin cadmodel (category:power,tabindex:5)
2023-03-17 09:10:35,888 [INFO] PluginManage:307 - Check plugin clock
2023-03-17 09:10:35,950 [INFO] PluginManage:356 - Loaded plugin clock (category:base,tabindex:2)
2023-03-17 09:10:35,950 [INFO] PluginManage:307 - Check plugin ddr
2023-03-17 09:10:35,950 [INFO] PluginManage:356 - Loaded plugin ddr (category:tool,tabindex:6)
2023-03-17 09:10:35,950 [INFO] PluginManage:307 - Check plugin filemanager
2023-03-17 09:10:36,984 [INFO] PluginManage:356 - Loaded plugin filemanager (category:base,tabindex:10)
2023-03-17 09:10:36,985 [INFO] PluginManage:307 - Check plugin ipmanager
2023-03-17 09:10:37,040 [INFO] PluginManage:356 - Loaded plugin ipmanager (category:base,tabindex:5)
2023-03-17 09:10:37,040 [INFO] PluginManage:307 - Check plugin lpbam
2023-03-17 09:10:37,059 [INFO] PluginManage:356 - Loaded plugin lpbam (category:base,tabindex:0)
2023-03-17 09:10:37,059 [INFO] PluginManage:307 - Check plugin pinoutandconfiguration
2023-03-17 09:10:37,075 [INFO] PluginManage:356 - Loaded plugin pinoutandconfiguration (category:base,tabindex:1)
2023-03-17 09:10:37,075 [INFO] PluginManage:307 - Check plugin pinoutconfig
2023-03-17 09:10:37,497 [INFO] PluginManage:356 - Loaded plugin pinoutconfig (category:base,tabindex:0)
2023-03-17 09:10:37,512 [INFO] PluginManage:307 - Check plugin power
2023-03-17 09:10:37,903 [INFO] PluginManage:356 - Loaded plugin power (category:power,tabindex:4)
2023-03-17 09:10:37,903 [INFO] PluginManage:307 - Check plugin projectmanager
2023-03-17 09:10:37,966 [INFO] PluginManage:356 - Loaded plugin projectmanager (category:projectmanager,tabindex:3)
2023-03-17 09:10:37,966 [INFO] PluginManage:307 - Check plugin thirdparty
2023-03-17 09:10:39,391 [WARN] IntegrityCheckThread:82 - waiting for thirdparty lock release [integrity check]
2023-03-17 09:10:39,391 [INFO] PluginManage:356 - Loaded plugin thirdparty (category:base,tabindex:-1)
2023-03-17 09:10:39,391 [INFO] IntegrityCheckThread:84 - entering critical section [integrity check]
2023-03-17 09:10:39,391 [INFO] PluginManage:307 - Check plugin tools
2023-03-17 09:10:39,391 [INFO] ThirdPartyUpdaterWithRetryManager:70 - Updater plugin not ready yet. [1/15]
2023-03-17 09:10:39,454 [INFO] PluginManage:356 - Loaded plugin tools (category:base,tabindex:7)
2023-03-17 09:10:39,454 [INFO] PluginManage:307 - Check plugin tutovideos
2023-03-17 09:10:40,484 [INFO] PluginManage:356 - Loaded plugin tutovideos (category:base,tabindex:-1)
2023-03-17 09:10:40,500 [INFO] PluginManage:307 - Check plugin updater
2023-03-17 09:10:40,547 [INFO] PluginManage:356 - Loaded plugin updater (category:base,tabindex:12)
2023-03-17 09:10:40,547 [INFO] PluginManage:280 - PluginManage : Loaded plugins [15]
2023-03-17 09:10:42,401 [INFO] ThirdPartyUpdaterWithRetryManager:70 - Updater plugin not ready yet. [2/15]
2023-03-17 09:10:43,334 [INFO] PinOutPanel:1468 - setPackage(No Configuration,No Configuration)
2023-03-17 09:10:43,884 [INFO] CADModel:98 - CPN selected for project level
2023-03-17 09:10:44,182 [INFO] IPUIPlugin:79 - create IPUIPlugin
2023-03-17 09:10:44,183 [INFO] PluginManager:217 - loadIPPluginJar : add adc
2023-03-17 09:10:44,246 [INFO] IPUIPlugin:79 - create IPUIPlugin
2023-03-17 09:10:44,246 [INFO] PluginManager:217 - loadIPPluginJar : add aes
2023-03-17 09:10:44,329 [INFO] IPUIPlugin:79 - create IPUIPlugin
2023-03-17 09:10:44,329 [INFO] PluginManager:217 - loadIPPluginJar : add can
2023-03-17 09:10:44,364 [INFO] IPUIPlugin:79 - create IPUIPlugin
2023-03-17 09:10:44,364 [INFO] PluginManager:217 - loadIPPluginJar : add comp
2023-03-17 09:10:44,430 [INFO] IPUIPlugin:79 - create IPUIPlugin
2023-03-17 09:10:44,430 [INFO] PluginManager:217 - loadIPPluginJar : add cryp
2023-03-17 09:10:44,486 [INFO] IPUIPlugin:79 - create IPUIPlugin
2023-03-17 09:10:44,487 [INFO] PluginManager:217 - loadIPPluginJar : add dfsdm
2023-03-17 09:10:44,521 [INFO] IPUIPlugin:79 - create IPUIPlugin
2023-03-17 09:10:44,522 [INFO] PluginManager:217 - loadIPPluginJar : add dma
2023-03-17 09:10:44,592 [INFO] IPUIPlugin:79 - create IPUIPlugin
2023-03-17 09:10:44,592 [INFO] PluginManager:217 - loadIPPluginJar : add dma3
2023-03-17 09:10:44,624 [INFO] IPUIPlugin:79 - create IPUIPlugin
2023-03-17 09:10:44,624 [INFO] PluginManager:217 - loadIPPluginJar : add fatfs
2023-03-17 09:10:44,696 [INFO] IPUIPlugin:79 - create IPUIPlugin
2023-03-17 09:10:44,696 [INFO] PluginManager:217 - loadIPPluginJar : add fmc
2023-03-17 09:10:44,804 [INFO] IPUIPlugin:79 - create IPUIPlugin
2023-03-17 09:10:44,805 [INFO] PluginManager:217 - loadIPPluginJar : add freertos
2023-03-17 09:10:44,840 [INFO] IPUIPlugin:79 - create IPUIPlugin
2023-03-17 09:10:44,841 [INFO] PluginManager:217 - loadIPPluginJar : add genericplugin
2023-03-17 09:10:45,078 [INFO] IPUIPlugin:79 - create IPUIPlugin
2023-03-17 09:10:45,078 [INFO] PluginManager:217 - loadIPPluginJar : add gfxmmu
2023-03-17 09:10:45,328 [INFO] IPUIPlugin:79 - create IPUIPlugin
2023-03-17 09:10:45,328 [INFO] PluginManager:217 - loadIPPluginJar : add gic
2023-03-17 09:10:45,359 [INFO] IPUIPlugin:79 - create IPUIPlugin
2023-03-17 09:10:45,359 [INFO] PluginManager:217 - loadIPPluginJar : add gpio
2023-03-17 09:10:45,406 [INFO] ThirdPartyUpdaterWithRetryManager:70 - Updater plugin not ready yet. [3/15]
2023-03-17 09:10:45,530 [INFO] IPUIPlugin:79 - create IPUIPlugin
2023-03-17 09:10:45,530 [INFO] PluginManager:217 - loadIPPluginJar : add gtzc
2023-03-17 09:10:45,579 [INFO] IPUIPlugin:79 - create IPUIPlugin
2023-03-17 09:10:45,579 [INFO] PluginManager:217 - loadIPPluginJar : add hash
2023-03-17 09:10:45,678 [INFO] IPUIPlugin:79 - create IPUIPlugin
2023-03-17 09:10:45,678 [INFO] PluginManager:217 - loadIPPluginJar : add i2c
2023-03-17 09:10:45,792 [INFO] IPUIPlugin:79 - create IPUIPlugin
2023-03-17 09:10:45,793 [INFO] PluginManager:217 - loadIPPluginJar : add i2s
2023-03-17 09:10:46,035 [INFO] IPUIPlugin:79 - create IPUIPlugin
2023-03-17 09:10:46,035 [INFO] PluginManager:217 - loadIPPluginJar : add ipddr
2023-03-17 09:10:46,325 [INFO] IPUIPlugin:79 - create IPUIPlugin
2023-03-17 09:10:46,326 [INFO] PluginManager:217 - loadIPPluginJar : add linkedlist
2023-03-17 09:10:46,382 [INFO] IPUIPlugin:79 - create IPUIPlugin
2023-03-17 09:10:46,382 [INFO] PluginManager:217 - loadIPPluginJar : add lorawan
2023-03-17 09:10:46,488 [INFO] IPUIPlugin:79 - create IPUIPlugin
2023-03-17 09:10:46,489 [INFO] PluginManager:217 - loadIPPluginJar : add ltdc
2023-03-17 09:10:46,522 [INFO] IPUIPlugin:79 - create IPUIPlugin
2023-03-17 09:10:46,523 [INFO] PluginManager:217 - loadIPPluginJar : add mdma
2023-03-17 09:10:46,556 [INFO] IPUIPlugin:79 - create IPUIPlugin
2023-03-17 09:10:46,557 [INFO] PluginManager:217 - loadIPPluginJar : add nvic
2023-03-17 09:10:46,618 [INFO] IPUIPlugin:79 - create IPUIPlugin
2023-03-17 09:10:46,618 [INFO] PluginManager:217 - loadIPPluginJar : add opamp
2023-03-17 09:10:46,720 [INFO] IPUIPlugin:79 - create IPUIPlugin
2023-03-17 09:10:46,721 [INFO] PluginManager:217 - loadIPPluginJar : add openamp
2023-03-17 09:10:46,802 [INFO] IPUIPlugin:79 - create IPUIPlugin
2023-03-17 09:10:46,803 [INFO] PluginManager:217 - loadIPPluginJar : add pdm2pcm
2023-03-17 09:10:46,905 [INFO] IPUIPlugin:79 - create IPUIPlugin
2023-03-17 09:10:46,921 [INFO] PluginManager:217 - loadIPPluginJar : add plateformsettings
2023-03-17 09:10:46,952 [INFO] IPUIPlugin:79 - create IPUIPlugin
2023-03-17 09:10:46,952 [INFO] PluginManager:217 - loadIPPluginJar : add quadspi
2023-03-17 09:10:47,030 [INFO] IPUIPlugin:79 - create IPUIPlugin
2023-03-17 09:10:47,030 [INFO] PluginManager:217 - loadIPPluginJar : add resmgrutility
2023-03-17 09:10:47,171 [INFO] IPUIPlugin:79 - create IPUIPlugin
2023-03-17 09:10:47,186 [INFO] PluginManager:217 - loadIPPluginJar : add sai
2023-03-17 09:10:47,233 [INFO] IPUIPlugin:79 - create IPUIPlugin
2023-03-17 09:10:47,233 [INFO] PluginManager:217 - loadIPPluginJar : add spi
2023-03-17 09:10:47,311 [INFO] IPUIPlugin:79 - create IPUIPlugin
2023-03-17 09:10:47,311 [INFO] PluginManager:217 - loadIPPluginJar : add stm32_wpan
2023-03-17 09:10:47,342 [INFO] IPUIPlugin:79 - create IPUIPlugin
2023-03-17 09:10:47,342 [INFO] PluginManager:217 - loadIPPluginJar : add tim
2023-03-17 09:10:47,467 [INFO] IPUIPlugin:79 - create IPUIPlugin
2023-03-17 09:10:47,467 [INFO] PluginManager:217 - loadIPPluginJar : add touchsensing
2023-03-17 09:10:47,483 [INFO] IPUIPlugin:79 - create IPUIPlugin
2023-03-17 09:10:47,483 [INFO] PluginManager:217 - loadIPPluginJar : add tracer_emb
2023-03-17 09:10:47,716 [INFO] IPUIPlugin:79 - create IPUIPlugin
2023-03-17 09:10:47,716 [INFO] PluginManager:217 - loadIPPluginJar : add ts
2023-03-17 09:10:47,748 [INFO] IPUIPlugin:79 - create IPUIPlugin
2023-03-17 09:10:47,748 [INFO] PluginManager:217 - loadIPPluginJar : add tsc
2023-03-17 09:10:47,780 [INFO] IPUIPlugin:79 - create IPUIPlugin
2023-03-17 09:10:47,780 [INFO] PluginManager:217 - loadIPPluginJar : add ucpd
2023-03-17 09:10:47,909 [INFO] IPUIPlugin:79 - create IPUIPlugin
2023-03-17 09:10:47,909 [INFO] PluginManager:217 - loadIPPluginJar : add usart
2023-03-17 09:10:47,964 [INFO] IPUIPlugin:79 - create IPUIPlugin
2023-03-17 09:10:47,964 [INFO] PluginManager:217 - loadIPPluginJar : add usbx
2023-03-17 09:10:48,452 [INFO] ThirdPartyUpdaterWithRetryManager:70 - Updater plugin not ready yet. [4/15]
2023-03-17 09:10:49,498 [FATAL] Updater:301 - Updater called before beeing initialized
2023-03-17 09:10:50,483 [FATAL] Updater:301 - Updater called before beeing initialized
2023-03-17 09:10:50,514 [INFO] DbMcusAds:52 - JSON generation date=Tue Feb 21 20:28:20 IST 2023 (1676991500156)
2023-03-17 09:10:50,514 [FATAL] Updater:301 - Updater called before beeing initialized
2023-03-17 09:10:51,030 [WARN] DetailPanel:344 - Failed to get advertising image, set to default
2023-03-17 09:10:51,358 [FATAL] Updater:301 - Updater called before beeing initialized
2023-03-17 09:10:51,373 [FATAL] Updater:301 - Updater called before beeing initialized
2023-03-17 09:10:51,373 [FATAL] Updater:301 - Updater called before beeing initialized
2023-03-17 09:10:51,373 [WARN] DetailPanel:344 - Failed to get advertising image, set to default
2023-03-17 09:10:51,373 [FATAL] Updater:301 - Updater called before beeing initialized
2023-03-17 09:10:51,592 [FATAL] Updater:301 - Updater called before beeing initialized
2023-03-17 09:10:51,592 [ERROR] IntegrityCheckThread:128 - Cannot retrieve database content from updater: error 21
2023-03-17 09:10:51,592 [INFO] ThirdParty:929 - Integrity check success = false
2023-03-17 09:10:51,592 [INFO] IntegrityCheckThread:98 - exiting critical section [integrity check]
2023-03-17 09:10:51,592 [INFO] IntegrityCheckThread:101 - End integrity checks thread
2023-03-17 09:10:51,795 [ERROR] Updater:1105 - MainUpdater not yet initialized. External WinMGr cannot be set.
2023-03-17 09:10:51,826 [INFO] Updater:1041 - Updater Version found : 6.6.1
2023-03-17 09:10:51,920 [INFO] ApplicationProperties:181 - Using Application install path: C:\ST\STM32CubeIDE_1.10.1\STM32CubeIDE\plugins\com.st.stm32cube.common.mx_6.6.1.202207061420
2023-03-17 09:10:52,826 [INFO] MainUpdater:2768 - connection check result : 10
2023-03-17 09:10:52,826 [INFO] MainUpdater:3453 - Updater definition file requires update
2023-03-17 09:10:52,826 [INFO] MainUpdater:280 - Updater Check For Update Now.
2023-03-17 09:10:52,826 [INFO] MicroXplorer:481 - Change Database Version : DB.6.0.60
2023-03-17 09:10:52,873 [INFO] ServerAccessManage:474 - Download File updaters.zip
2023-03-17 09:10:52,998 [INFO] FileExtend:239 - Unzip File : updaters.zip
2023-03-17 09:10:52,998 [INFO] FileExtend:254 - Standard Zip Deflate
2023-03-17 09:11:06,120 [INFO] ServerAccessManage:474 - Download File PacksControlFlags.xml
2023-03-17 09:11:06,695 [INFO] ServerAccessManage:474 - Download File cubemx.pidx
2023-03-17 09:11:12,377 [INFO] ServerAccessManage:474 - Download File STMicroelectronics.X-CUBE-FREERTOS.pdsc
2023-03-17 09:11:16,420 [INFO] MainUpdater:2768 - connection check result : 10
2023-03-17 09:11:18,045 [INFO] ServerAccessManage:474 - Download File SEGGER.I-CUBE-embOS.pdsc
2023-03-17 09:11:20,516 [INFO] ServerAccessManage:474 - Download File WES.I-CUBE-Cesium.pdsc
2023-03-17 09:11:23,688 [ERROR] ServerAccessManage:1090 - Problem, file not found on Server
2023-03-17 09:11:24,657 [ERROR] ServerAccessManage:1090 - Problem, file not found on Server
2023-03-17 09:11:25,001 [WARN] PackLoader:242 - Cannot read IP mode file for STMicroelectronics.X-CUBE-FREERTOS.1.0.0
2023-03-17 09:11:25,400 [WARN] PackLoader:242 - Cannot read IP mode file for SEGGER.I-CUBE-embOS.1.3.1
2023-03-17 09:11:25,820 [INFO] CheckServerUpdateThread:119 - End of CheckServer Thread
2023-03-17 09:11:25,898 [INFO] McuFinderGlobals:57 - Set McuFinderConnectedMode to true
2023-03-17 09:11:26,007 [WARN] PackLoader:242 - Cannot read IP mode file for WES.I-CUBE-Cesium.1.3.0
2023-03-17 09:11:26,007 [INFO] PopulateThirdPartyThread:64 - Ending populate Thread
2023-03-17 09:11:26,007 [INFO] ThirdParty:981 - CMSIS Pack Vendor :STMicroelectronics X-CUBE-FREERTOS 1.0.0
2023-03-17 09:11:26,007 [INFO] ThirdParty:981 - CMSIS Pack Vendor :WES I-CUBE-Cesium 1.3.0
2023-03-17 09:11:26,007 [INFO] ThirdParty:981 - CMSIS Pack Vendor :SEGGER I-CUBE-embOS 1.3.1
2023-03-17 09:11:26,007 [INFO] LoadServerUpdatesThread:367 - End of LoadServerUpdate Thread
2023-03-17 09:11:26,458 [INFO] ServerAccessManage:474 - Download File mcusAds.json._tmp_
2023-03-17 09:11:26,577 [INFO] LoadUrlFilesThread:150 - End of LoadUrlFiles Thread
2023-03-17 09:11:27,502 [INFO] ServerAccessManage:474 - Download File cube-finder-db.zip
2023-03-17 09:11:34,003 [INFO] FileExtend:239 - Unzip File : cube-finder-db.zip
2023-03-17 09:11:34,003 [INFO] FileExtend:254 - Standard Zip Deflate
2023-03-17 09:11:39,393 [INFO] LoadUrlFilesThread:150 - End of LoadUrlFiles Thread
2023-03-17 09:11:40,459 [INFO] ServerAccessManage:474 - Download File crdb.zip
2023-03-17 09:11:41,475 [INFO] FileExtend:239 - Unzip File : crdb.zip
2023-03-17 09:11:41,490 [INFO] FileExtend:254 - Standard Zip Deflate
2023-03-17 09:11:41,678 [INFO] LoadUrlFilesThread:150 - End of LoadUrlFiles Thread
2023-03-17 09:11:42,787 [INFO] ServerAccessManage:474 - Download File tutoVideoDB.zip
2023-03-17 09:11:42,819 [INFO] FileExtend:239 - Unzip File : tutoVideoDB.zip
2023-03-17 09:11:42,819 [INFO] FileExtend:254 - Standard Zip Deflate
2023-03-17 09:11:42,959 [INFO] LoadUrlFilesThread:150 - End of LoadUrlFiles Thread
2023-03-17 09:11:43,100 [INFO] JxBrowserEngine:106 - Initiate JxBrowser Engine with user profile folder
2023-03-17 09:11:46,985 [ERROR] JxBrowserEngine:59 - Can't initiate JxBrowser engine com.teamdev.jxbrowser.engine.ChromiumBinariesExtractionException: Failed to extract Chromium binaries into C:\Users\salil madhav\.stm32cubemx\.jxbrowser\Chromium
2023-03-17 09:11:47,001 [WARN] DbFile:40 - Overriding database path with different value: C:\Users\salil madhav\.stmcufinder\plugins\mcufinder/ => C:\Users\salil madhav\.stmcufinder\plugins\mcufinder
2023-03-17 09:11:47,610 [INFO] ServerAccessManage:474 - Download File api_config.json
2023-03-17 09:11:47,720 [INFO] LoadUrlFilesThread:150 - End of LoadUrlFiles Thread
2023-03-17 09:11:47,720 [INFO] DbMcusAds:52 - JSON generation date=Tue Mar 07 14:20:55 IST 2023 (1678179055114)
2023-03-17 09:11:47,923 [INFO] ServerAccessManage:474 - Download File 
2023-03-17 09:11:47,979 [INFO] LoadUrlFilesThread:177 - End of LoadServerUrlFiles without Thread
2023-03-17 09:11:47,979 [INFO] TargetSelectorAdapter:228 - Refresh data is successful
2023-03-17 09:11:49,104 [INFO] ApiDb:576 - Connected to CubeFinder SQLite database (C:\Users\salil madhav\.stmcufinder\plugins\mcufinder\mcu\cube-finder-db.db)
2023-03-17 09:11:49,354 [INFO] ApiDb:663 - CubeFinder database Data Model version=2.1
2023-03-17 09:11:49,354 [INFO] ApiDb:664 - CubeFinder database Configuration version=3.0.35
2023-03-17 09:11:49,354 [INFO] ApiDb:665 - CubeFinder database generation date=2023-03-10 (1678456172)
2023-03-17 09:11:49,354 [INFO] ApiDb:666 - CubeFinder database FW Pack versions=[FP-ATR-ASTRA1_V1.1.1, STM32Cube_FW_C0_V1.0.1, STM32Cube_FW_F0_V1.11.4, STM32Cube_FW_F3_V1.11.4, STM32Cube_FW_F4_V1.27.1, STM32Cube_FW_F7_V1.17.0, STM32Cube_FW_G0_V1.6.1, STM32Cube_FW_G4_V1.5.1, STM32Cube_FW_H5_V0.5.1, STM32Cube_FW_H5_V1.0.0, STM32Cube_FW_H7_V1.11.0, STM32Cube_FW_L0_V1.12.2, STM32Cube_FW_L5_V1.5.0, STM32Cube_FW_U5_V1.2.0, STM32Cube_FW_WBA_V1.0.0, STM32Cube_FW_WBA_V1.0.0RC1, STM32Cube_FW_WBA_V1.0.0RC3, STM32Cube_FW_WB_V1.15.0RC1, STM32Cube_FW_WB_V1.16.0, STM32Cube_FW_WB_V1.16.0RC2, STM32Cube_FW_WL_V1.3.0, X-CUBE-ALGOBUILD_V1.3.0, X-CUBE-ALS_V1.0.1, X-CUBE-AZRTOS-F4_V1.1.0, X-CUBE-AZRTOS-F7_V1.1.0, X-CUBE-AZRTOS-G0_V1.1.0, X-CUBE-AZRTOS-G4_V1.0.0, X-CUBE-AZRTOS-H7_V3.0.0, X-CUBE-AZRTOS-L4_V1.0.0, X-CUBE-AZRTOS-L5_V1.1.0, X-CUBE-AZRTOS-WB_V1.1.0, X-CUBE-AZRTOS-WL_V1.0.0, X-CUBE-BLE1_V6.2.4, X-CUBE-BLE2_V3.3.0, X-CUBE-BLEMGR_V1.3.0, X-CUBE-EEPRMA1_V4.1.0, X-CUBE-GNSS1_V6.0.0, X-CUBE-MEMS1_V9.1.0, X-CUBE-MEMS1_V9.4.0, X-CUBE-MEMS1_V9.5.0, X-CUBE-NFC4_V3.0.0, X-CUBE-NFC7_V1.0.0, X-CUBE-SFXS2LP1_V4.0.0, X-CUBE-SUBG2_V5.0.0]
2023-03-17 09:11:56,125 [INFO] ApiDb:239 - Found 138 in-development CPN: [B-WB1M-WPAN1, NUCLEO-C031C6, STEVAL-STWINBX1, STM320518-EVAL, STM32C0116-DK, STM32C011D6Y3TR, STM32C011D6Y6TR, STM32C011F4P3, STM32C011F4P6, STM32C011F4U3, STM32C011F4U6TR, STM32C011F6P3, STM32C011F6P6, STM32C011F6U3, STM32C011F6U6TR, STM32C011J4M3, STM32C011J4M6, STM32C011J6M3, STM32C011J6M6, STM32C0316-DK, STM32C031C4T3, STM32C031C4T6, STM32C031C4U3, STM32C031C4U6, STM32C031C6T3, STM32C031C6T6, STM32C031C6U3, STM32C031C6U6, STM32C031F4P3, STM32C031F4P6, STM32C031F6P3, STM32C031F6P6, STM32C031G4U3, STM32C031G4U6, STM32C031G6U3, STM32C031G6U6, STM32C031K4T3, STM32C031K4T6, STM32C031K4U3, STM32C031K4U6, STM32C031K6T3, STM32C031K6T6, STM32C031K6U3, STM32C031K6U6, STM32G071K8TXN, STM32G071K8UXN, STM32G081GBU6N, STM32G081KBT6N, STM32G081KBUXN, STM32G0B1CCT6N, STM32G0B1KCT6, STM32G0B1NEY6TR, STM32G0B1RCT6N, STM32G0C1CCT6, STM32G0C1CCT6N, STM32G0C1CCU6N, STM32G0C1CET6N, STM32G0C1CEU6N, STM32G0C1KCT6, STM32G0C1NEY6TR, STM32G0C1RCI6N, STM32G0C1RCT6N, STM32G0C1REI6N, STM32G0C1RET6N, STM32G0C1VCI6, STM32G0C1VEI6, STM32G471CCT6, STM32G471CCU6, STM32G471CET3, STM32G471CET6, STM32G471CEU3, STM32G471CEU6, STM32G471MCT6, STM32G471MET3, STM32G471MET6, STM32G471MEY6TR, STM32G471QCT6, STM32G471QET3, STM32G471RCT6, STM32G471RET3, STM32G471RET6, STM32G471VCH6, STM32G471VCI6, STM32G471VCT6, STM32G471VEH3, STM32G471VEH6, STM32G471VEI3, STM32G471VEI6, STM32G471VET3, STM32G471VET6, STM32G474CCT6, STM32L476VGY6PTR, STM32L4R5QGI6STR, STM32MP131AAE3, STM32MP131AAF3, STM32MP131AAG3, STM32MP131CAE3, STM32MP131CAF3, STM32MP131CAG3, STM32MP131DAE7, STM32MP131DAF7, STM32MP131DAG7, STM32MP131FAE7, STM32MP131FAF7, STM32MP131FAG7, STM32MP133AAE3, STM32MP133AAF3, STM32MP133AAG3, STM32MP133CAE3, STM32MP133CAF3, STM32MP133CAG3, STM32MP133DAE7, STM32MP133DAF7, STM32MP133DAG7, STM32MP133FAE7, STM32MP133FAF7, STM32MP133FAG7, STM32MP135AAE3, STM32MP135AAF3, STM32MP135AAG3, STM32MP135CAE3, STM32MP135CAF3, STM32MP135CAG3, STM32MP135DAE7, STM32MP135DAF7, STM32MP135DAG7, STM32MP135F-DK, STM32MP135FAE7, STM32MP135FAF7, STM32MP135FAG7, STM32U595ZJT6Q, STM32U599BJY6QTR, STM32U599NIH6Q, STM32U599NJH6Q, STM32U5A5ZJT6Q, STM32U5A9BJY6QTR, STM32U5A9NJH6Q, STM32WB1MMCH6]
2023-03-17 09:11:56,140 [INFO] DbMcus:215 - Found 3678 MCUs, 3678 are supported
2023-03-17 09:11:56,156 [INFO] ApiDb:418 - Load user favorites file C:\Users\salil madhav/.stm32cubeide/favorites.mcus.txt: 0 item(s)
2023-03-17 09:11:56,172 [INFO] ApiDb:422 - User favorites MCUs=[]
2023-03-17 09:11:56,172 [INFO] DbMcus:221 - Set 0 / 0 favorites MCUs
2023-03-17 09:11:56,187 [INFO] ApiDb:663 - CubeFinder database Data Model version=2.1
2023-03-17 09:11:56,187 [INFO] ApiDb:664 - CubeFinder database Configuration version=3.0.35
2023-03-17 09:11:56,187 [INFO] ApiDb:665 - CubeFinder database generation date=2023-03-10 (1678456172)
2023-03-17 09:11:56,187 [INFO] ApiDb:666 - CubeFinder database FW Pack versions=[FP-ATR-ASTRA1_V1.1.1, STM32Cube_FW_C0_V1.0.1, STM32Cube_FW_F0_V1.11.4, STM32Cube_FW_F3_V1.11.4, STM32Cube_FW_F4_V1.27.1, STM32Cube_FW_F7_V1.17.0, STM32Cube_FW_G0_V1.6.1, STM32Cube_FW_G4_V1.5.1, STM32Cube_FW_H5_V0.5.1, STM32Cube_FW_H5_V1.0.0, STM32Cube_FW_H7_V1.11.0, STM32Cube_FW_L0_V1.12.2, STM32Cube_FW_L5_V1.5.0, STM32Cube_FW_U5_V1.2.0, STM32Cube_FW_WBA_V1.0.0, STM32Cube_FW_WBA_V1.0.0RC1, STM32Cube_FW_WBA_V1.0.0RC3, STM32Cube_FW_WB_V1.15.0RC1, STM32Cube_FW_WB_V1.16.0, STM32Cube_FW_WB_V1.16.0RC2, STM32Cube_FW_WL_V1.3.0, X-CUBE-ALGOBUILD_V1.3.0, X-CUBE-ALS_V1.0.1, X-CUBE-AZRTOS-F4_V1.1.0, X-CUBE-AZRTOS-F7_V1.1.0, X-CUBE-AZRTOS-G0_V1.1.0, X-CUBE-AZRTOS-G4_V1.0.0, X-CUBE-AZRTOS-H7_V3.0.0, X-CUBE-AZRTOS-L4_V1.0.0, X-CUBE-AZRTOS-L5_V1.1.0, X-CUBE-AZRTOS-WB_V1.1.0, X-CUBE-AZRTOS-WL_V1.0.0, X-CUBE-BLE1_V6.2.4, X-CUBE-BLE2_V3.3.0, X-CUBE-BLEMGR_V1.3.0, X-CUBE-EEPRMA1_V4.1.0, X-CUBE-GNSS1_V6.0.0, X-CUBE-MEMS1_V9.1.0, X-CUBE-MEMS1_V9.4.0, X-CUBE-MEMS1_V9.5.0, X-CUBE-NFC4_V3.0.0, X-CUBE-NFC7_V1.0.0, X-CUBE-SFXS2LP1_V4.0.0, X-CUBE-SUBG2_V5.0.0]
2023-03-17 09:11:56,390 [INFO] DbBoardsSqlite:227 - include board P-NUCLEO-WB55-NUCLEO as a kit item of type 'Nucleo-64'
2023-03-17 09:11:56,390 [INFO] DbBoardsSqlite:227 - include board P-NUCLEO-WB55-USBDONGLE as a kit item of type 'Nucleo USB Dongle'
2023-03-17 09:11:56,390 [INFO] DbBoardsSqlite:227 - include board STEVAL-IDP005V1 as a kit item of type 'Evaluation Board'
2023-03-17 09:11:56,390 [INFO] DbBoardsSqlite:227 - include board STEVAL-IDP005V2 as a kit item of type 'Evaluation Board'
2023-03-17 09:11:56,593 [INFO] ApiDb:239 - Found 138 in-development CPN: [B-WB1M-WPAN1, NUCLEO-C031C6, STEVAL-STWINBX1, STM320518-EVAL, STM32C0116-DK, STM32C011D6Y3TR, STM32C011D6Y6TR, STM32C011F4P3, STM32C011F4P6, STM32C011F4U3, STM32C011F4U6TR, STM32C011F6P3, STM32C011F6P6, STM32C011F6U3, STM32C011F6U6TR, STM32C011J4M3, STM32C011J4M6, STM32C011J6M3, STM32C011J6M6, STM32C0316-DK, STM32C031C4T3, STM32C031C4T6, STM32C031C4U3, STM32C031C4U6, STM32C031C6T3, STM32C031C6T6, STM32C031C6U3, STM32C031C6U6, STM32C031F4P3, STM32C031F4P6, STM32C031F6P3, STM32C031F6P6, STM32C031G4U3, STM32C031G4U6, STM32C031G6U3, STM32C031G6U6, STM32C031K4T3, STM32C031K4T6, STM32C031K4U3, STM32C031K4U6, STM32C031K6T3, STM32C031K6T6, STM32C031K6U3, STM32C031K6U6, STM32G071K8TXN, STM32G071K8UXN, STM32G081GBU6N, STM32G081KBT6N, STM32G081KBUXN, STM32G0B1CCT6N, STM32G0B1KCT6, STM32G0B1NEY6TR, STM32G0B1RCT6N, STM32G0C1CCT6, STM32G0C1CCT6N, STM32G0C1CCU6N, STM32G0C1CET6N, STM32G0C1CEU6N, STM32G0C1KCT6, STM32G0C1NEY6TR, STM32G0C1RCI6N, STM32G0C1RCT6N, STM32G0C1REI6N, STM32G0C1RET6N, STM32G0C1VCI6, STM32G0C1VEI6, STM32G471CCT6, STM32G471CCU6, STM32G471CET3, STM32G471CET6, STM32G471CEU3, STM32G471CEU6, STM32G471MCT6, STM32G471MET3, STM32G471MET6, STM32G471MEY6TR, STM32G471QCT6, STM32G471QET3, STM32G471RCT6, STM32G471RET3, STM32G471RET6, STM32G471VCH6, STM32G471VCI6, STM32G471VCT6, STM32G471VEH3, STM32G471VEH6, STM32G471VEI3, STM32G471VEI6, STM32G471VET3, STM32G471VET6, STM32G474CCT6, STM32L476VGY6PTR, STM32L4R5QGI6STR, STM32MP131AAE3, STM32MP131AAF3, STM32MP131AAG3, STM32MP131CAE3, STM32MP131CAF3, STM32MP131CAG3, STM32MP131DAE7, STM32MP131DAF7, STM32MP131DAG7, STM32MP131FAE7, STM32MP131FAF7, STM32MP131FAG7, STM32MP133AAE3, STM32MP133AAF3, STM32MP133AAG3, STM32MP133CAE3, STM32MP133CAF3, STM32MP133CAG3, STM32MP133DAE7, STM32MP133DAF7, STM32MP133DAG7, STM32MP133FAE7, STM32MP133FAF7, STM32MP133FAG7, STM32MP135AAE3, STM32MP135AAF3, STM32MP135AAG3, STM32MP135CAE3, STM32MP135CAF3, STM32MP135CAG3, STM32MP135DAE7, STM32MP135DAF7, STM32MP135DAG7, STM32MP135F-DK, STM32MP135FAE7, STM32MP135FAF7, STM32MP135FAG7, STM32U595ZJT6Q, STM32U599BJY6QTR, STM32U599NIH6Q, STM32U599NJH6Q, STM32U5A5ZJT6Q, STM32U5A9BJY6QTR, STM32U5A9NJH6Q, STM32WB1MMCH6]
2023-03-17 09:11:57,343 [INFO] BoardInfo:879 - No configuration file found for board P-NUCLEO-WB55
2023-03-17 09:11:57,343 [INFO] DbBoards:156 - Kit is not supported: P-NUCLEO-WB55
2023-03-17 09:11:57,359 [INFO] BoardInfo:879 - No configuration file found for board STEVAL-BFA001V1B
2023-03-17 09:11:57,359 [INFO] DbBoards:156 - Kit is not supported: STEVAL-BFA001V1B
2023-03-17 09:11:57,359 [INFO] BoardInfo:879 - No configuration file found for board STEVAL-BFA001V2B
2023-03-17 09:11:57,359 [INFO] DbBoards:156 - Kit is not supported: STEVAL-BFA001V2B
2023-03-17 09:11:57,375 [INFO] BoardInfo:879 - No configuration file found for board STEVAL-PROTEUS1
2023-03-17 09:11:57,375 [INFO] DbBoards:156 - Board is not supported: STEVAL-PROTEUS1
2023-03-17 09:11:57,859 [INFO] DbBoards:160 - Found 178 boards, 174 are supported
2023-03-17 09:11:57,906 [INFO] ApiDb:418 - Load user favorites file C:\Users\salil madhav/.stm32cubeide/favorites.boards.txt: 1 item(s)
2023-03-17 09:11:57,906 [INFO] ApiDb:422 - User favorites Boards=[NUCLEO-F446RE]
2023-03-17 09:11:57,906 [INFO] DbBoards:189 - Set 1 / 1 favorites Boards
2023-03-17 09:11:57,921 [INFO] ApiDb:663 - CubeFinder database Data Model version=2.1
2023-03-17 09:11:57,921 [INFO] ApiDb:664 - CubeFinder database Configuration version=3.0.35
2023-03-17 09:11:57,921 [INFO] ApiDb:665 - CubeFinder database generation date=2023-03-10 (1678456172)
2023-03-17 09:11:57,921 [INFO] ApiDb:666 - CubeFinder database FW Pack versions=[FP-ATR-ASTRA1_V1.1.1, STM32Cube_FW_C0_V1.0.1, STM32Cube_FW_F0_V1.11.4, STM32Cube_FW_F3_V1.11.4, STM32Cube_FW_F4_V1.27.1, STM32Cube_FW_F7_V1.17.0, STM32Cube_FW_G0_V1.6.1, STM32Cube_FW_G4_V1.5.1, STM32Cube_FW_H5_V0.5.1, STM32Cube_FW_H5_V1.0.0, STM32Cube_FW_H7_V1.11.0, STM32Cube_FW_L0_V1.12.2, STM32Cube_FW_L5_V1.5.0, STM32Cube_FW_U5_V1.2.0, STM32Cube_FW_WBA_V1.0.0, STM32Cube_FW_WBA_V1.0.0RC1, STM32Cube_FW_WBA_V1.0.0RC3, STM32Cube_FW_WB_V1.15.0RC1, STM32Cube_FW_WB_V1.16.0, STM32Cube_FW_WB_V1.16.0RC2, STM32Cube_FW_WL_V1.3.0, X-CUBE-ALGOBUILD_V1.3.0, X-CUBE-ALS_V1.0.1, X-CUBE-AZRTOS-F4_V1.1.0, X-CUBE-AZRTOS-F7_V1.1.0, X-CUBE-AZRTOS-G0_V1.1.0, X-CUBE-AZRTOS-G4_V1.0.0, X-CUBE-AZRTOS-H7_V3.0.0, X-CUBE-AZRTOS-L4_V1.0.0, X-CUBE-AZRTOS-L5_V1.1.0, X-CUBE-AZRTOS-WB_V1.1.0, X-CUBE-AZRTOS-WL_V1.0.0, X-CUBE-BLE1_V6.2.4, X-CUBE-BLE2_V3.3.0, X-CUBE-BLEMGR_V1.3.0, X-CUBE-EEPRMA1_V4.1.0, X-CUBE-GNSS1_V6.0.0, X-CUBE-MEMS1_V9.1.0, X-CUBE-MEMS1_V9.4.0, X-CUBE-MEMS1_V9.5.0, X-CUBE-NFC4_V3.0.0, X-CUBE-NFC7_V1.0.0, X-CUBE-SFXS2LP1_V4.0.0, X-CUBE-SUBG2_V5.0.0]
2023-03-17 09:12:02,303 [INFO] DbExamplesSqlite:374 - Ignored 46 examples not supported by CubeIDE
2023-03-17 09:12:02,303 [INFO] DbExamplesSqlite:375 - Found 7328 examples active
2023-03-17 09:12:02,319 [INFO] DbExamplesSqlite:376 - Found 1095 examples obsolete
2023-03-17 09:12:02,319 [INFO] DbExamplesSqlite:377 - Found 0 examples under development
2023-03-17 09:12:02,319 [INFO] DbExamplesSqlite:378 - Found 77 examples not building
2023-03-17 09:12:02,319 [INFO] DbExamples:124 - Found 7359 examples
2023-03-17 09:12:02,600 [ERROR] DbExamples:207 - Found 512 examples with invalid data (board or MCU)
2023-03-17 09:12:02,600 [INFO] DbExamples:221 - Found 84 boards with related examples
2023-03-17 09:12:02,600 [INFO] DbExamples:234 - Found 75 MCUs with related examples
2023-03-17 09:12:02,741 [INFO] ApiDb:418 - Load user favorites file C:\Users\salil madhav/.stm32cubeide/favorites.examples.txt: 0 item(s)
2023-03-17 09:12:02,741 [INFO] ApiDb:422 - User favorites Examples=[]
2023-03-17 09:12:02,741 [INFO] DbExamples:249 - Set 0 / 0 favorites Examples
2023-03-17 09:12:06,199 [INFO] McuFinderGlobals:57 - Set McuFinderConnectedMode to true
2023-03-17 09:12:06,199 [INFO] MultiScanPanel:195 - Auto-refresh data requested => check proxy status ongoing
2023-03-17 09:12:06,199 [INFO] FinderPluginLoader:92 - Searching for filters in installed packs
2023-03-17 09:12:10,317 [INFO] LoadUrlFilesThread:177 - End of LoadServerUrlFiles without Thread
2023-03-17 09:12:10,363 [INFO] DetailPanel:339 - Set advertising image to C:/Users/salil madhav/STM32Cube/Repository/\en.prom-stm32h5-mcu-finder.jpg
2023-03-17 09:12:27,332 [INFO] MultiScanPanel:195 - Auto-refresh data requested => check proxy status ongoing
2023-03-17 09:12:29,707 [INFO] LoadUrlFilesThread:177 - End of LoadServerUrlFiles without Thread
2023-03-17 09:12:29,707 [INFO] DetailPanel:339 - Set advertising image to C:/Users/salil madhav/STM32Cube/Repository/\en.prom-stm32h5-mcu-finder.jpg
2023-03-17 09:12:29,754 [INFO] DbBoards:628 - Loading board mini-images...
2023-03-17 09:12:31,675 [ERROR] DbBoards:648 - No image file defined for board B-WB1M-WPAN1
2023-03-17 09:12:31,675 [ERROR] DbBoards:645 - Image file not found for board NUCLEO-C031C6: C:\ST\STM32CubeIDE_1.10.1\STM32CubeIDE\plugins\com.st.stm32cube.common.mx_6.6.1.202207061420\\db\/plugins/mcufinder/images/boards/bp-nucleo-c031c6.jpg
2023-03-17 09:12:39,453 [ERROR] DbBoards:648 - No image file defined for board NUCLEO-WB15CC
2023-03-17 09:12:40,679 [ERROR] DbBoards:645 - Image file not found for board STEVAL-PROTEUS1: C:\ST\STM32CubeIDE_1.10.1\STM32CubeIDE\plugins\com.st.stm32cube.common.mx_6.6.1.202207061420\\db\/plugins/mcufinder/images/boards/steval-proteus1_image.jpg
2023-03-17 09:12:40,679 [ERROR] DbBoards:645 - Image file not found for board STEVAL-STWINBX1: C:\ST\STM32CubeIDE_1.10.1\STM32CubeIDE\plugins\com.st.stm32cube.common.mx_6.6.1.202207061420\\db\/plugins/mcufinder/images/boards/stwinbx1-image.jpg
2023-03-17 09:12:41,023 [ERROR] DbBoards:645 - Image file not found for board STM320518-EVAL: C:\ST\STM32CubeIDE_1.10.1\STM32CubeIDE\plugins\com.st.stm32cube.common.mx_6.6.1.202207061420\\db\/plugins/mcufinder/images/boards/stm320518-eval.jpg
2023-03-17 09:12:41,085 [ERROR] DbBoards:648 - No image file defined for board STM32091C-EVAL
2023-03-17 09:12:41,085 [ERROR] DbBoards:648 - No image file defined for board STM32100E-EVAL
2023-03-17 09:12:41,085 [ERROR] DbBoards:648 - No image file defined for board STM3210C-EVAL
2023-03-17 09:12:41,492 [ERROR] DbBoards:648 - No image file defined for board STM3221G-EVAL
2023-03-17 09:12:41,492 [ERROR] DbBoards:648 - No image file defined for board STM32303C-EVAL
2023-03-17 09:12:42,070 [ERROR] DbBoards:648 - No image file defined for board STM32479I-EVAL
2023-03-17 09:12:42,070 [ERROR] DbBoards:648 - No image file defined for board STM32746G-EVAL2
2023-03-17 09:12:42,163 [ERROR] DbBoards:645 - Image file not found for board STM32C0116-DK: C:\ST\STM32CubeIDE_1.10.1\STM32CubeIDE\plugins\com.st.stm32cube.common.mx_6.6.1.202207061420\\db\/plugins/mcufinder/images/boards/bp-stm32c0116-dk.jpg
2023-03-17 09:12:42,163 [ERROR] DbBoards:645 - Image file not found for board STM32C0316-DK: C:\ST\STM32CubeIDE_1.10.1\STM32CubeIDE\plugins\com.st.stm32cube.common.mx_6.6.1.202207061420\\db\/plugins/mcufinder/images/boards/bp-stm32c0316-dk.jpg
2023-03-17 09:12:42,617 [ERROR] DbBoards:648 - No image file defined for board STM32F401C-DISCO
2023-03-17 09:12:43,054 [ERROR] DbBoards:648 - No image file defined for board STM32F7308-DK
2023-03-17 09:12:43,366 [ERROR] DbBoards:648 - No image file defined for board STM32F779I-EVAL
2023-03-17 09:12:44,257 [ERROR] DbBoards:648 - No image file defined for board STM32G474E-EVAL1
2023-03-17 09:12:48,654 [ERROR] DbBoards:648 - No image file defined for board STM32H747I-EVAL
2023-03-17 09:12:48,873 [ERROR] DbBoards:648 - No image file defined for board STM32L-DISCOVERY
2023-03-17 09:12:49,263 [ERROR] DbBoards:648 - No image file defined for board STM32L152D-EVAL
2023-03-17 09:12:50,013 [ERROR] DbBoards:648 - No image file defined for board STM32MP135F-DK
2023-03-17 09:12:50,935 [INFO] DbBoards:651 - Loaded 155 board mini-images
2023-03-17 09:15:14,581 [INFO] McuFinderGlobals:57 - Set McuFinderConnectedMode to true
2023-03-17 09:15:14,596 [INFO] ApiDb:443 - Save user favorites file C:\Users\salil madhav/.stm32cubeide/favorites.mcus.txt: 0 item(s)
2023-03-17 09:15:14,596 [INFO] ApiDb:447 - User favorites MCUs=[]
2023-03-17 09:15:14,596 [INFO] ApiDb:443 - Save user favorites file C:\Users\salil madhav/.stm32cubeide/favorites.boards.txt: 1 item(s)
2023-03-17 09:15:14,596 [INFO] ApiDb:447 - User favorites Boards=[NUCLEO-F446RE]
